2024-11-29 23:22:42,662 - root - INFO - namespace(lr=0.001, decay=0.99, batch=256, inter_batch=4096, note=None, lambda1=0.2, epoch=400, d=64, q=5, gnn_layer=2, data='mooccubex', dropout=0.0, temp=0.2, lambda2=1e-07, use_pretrain=0, stopping_steps=5)
2024-11-29 23:22:43,000 - root - INFO - user_num: 99970, item_num: 2828, lambda_1: 0.2, lambda_2: 1e-07, temp: 0.2, q: 5
2024-11-29 23:25:04,835 - root - INFO - Epoch: 1, Loss: 3.1958564712680824, Loss_r: 0.437076686183521, Loss_s: 2.7566080935180595
2024-11-29 23:27:19,459 - root - INFO - Epoch: 2, Loss: 2.467265486445677, Loss_r: 0.29509778738293396, Loss_s: 2.1661115778877416
2024-11-29 23:29:34,018 - root - INFO - Epoch: 3, Loss: 2.328717334395389, Loss_r: 0.2759667296208662, Loss_s: 2.0445472173104253
2024-11-29 23:31:48,823 - root - INFO - Epoch: 4, Loss: 2.2922347477193847, Loss_r: 0.26511410143489444, Loss_s: 2.0179682000622936
2024-11-29 23:34:03,324 - root - INFO - Epoch: 5, Loss: 2.277304814996915, Loss_r: 0.25831452483875605, Loss_s: 2.009429372796165
2024-11-29 23:35:34,355 - root - INFO - Test of epoch 5: Recall@1: 0.21064823922880188, Recall@5: 0.4577605498721228, Ndcg@5: 0.3396147515913922, Recall@10: 0.5792692861007279, Ndcg@10: 0.37877961983476205
2024-11-29 23:35:34,410 - root - INFO - Save model on epoch 0005!
2024-11-29 23:37:49,408 - root - INFO - Epoch: 6, Loss: 2.2696782418427, Loss_r: 0.253623498463685, Loss_s: 2.006281392177851
2024-11-29 23:40:03,968 - root - INFO - Epoch: 7, Loss: 2.2643385612340072, Loss_r: 0.24934441404489288, Loss_s: 2.005073888969856
2024-11-29 23:42:18,395 - root - INFO - Epoch: 8, Loss: 2.2605081413764347, Loss_r: 0.24610415437091185, Loss_s: 2.0043688852314525
2024-11-29 23:44:32,728 - root - INFO - Epoch: 9, Loss: 2.2572686384370497, Loss_r: 0.24300878724096034, Loss_s: 2.004130040866096
2024-11-29 23:46:47,581 - root - INFO - Epoch: 10, Loss: 2.2550030645314, Loss_r: 0.24100709562285344, Loss_s: 2.0037858798454997
2024-11-29 23:48:18,373 - root - INFO - Test of epoch 10: Recall@1: 0.2169815438717293, Recall@5: 0.4623748893370057, Ndcg@5: 0.3456626116587095, Recall@10: 0.5811069066004328, Ndcg@10: 0.38392456597088165
2024-11-29 23:48:18,444 - root - INFO - Save model on epoch 0010!
2024-11-29 23:50:33,522 - root - INFO - Epoch: 11, Loss: 2.2530479034693203, Loss_r: 0.2391361930239988, Loss_s: 2.0036378895231692
2024-11-29 23:52:48,147 - root - INFO - Epoch: 12, Loss: 2.2514307221953582, Loss_r: 0.23759773197098039, Loss_s: 2.0035038825319678
2024-11-29 23:55:02,805 - root - INFO - Epoch: 13, Loss: 2.2497640237178236, Loss_r: 0.23606505725269708, Loss_s: 2.0033267771736094
2024-11-29 23:57:17,493 - root - INFO - Epoch: 14, Loss: 2.2487167763547093, Loss_r: 0.23510441431830847, Loss_s: 2.0031983768206794
2024-11-29 23:59:32,108 - root - INFO - Epoch: 15, Loss: 2.2479522744180946, Loss_r: 0.23427321217054659, Loss_s: 2.003234906185732
2024-11-30 00:01:03,456 - root - INFO - Test of epoch 15: Recall@1: 0.22198673888451703, Recall@5: 0.46255563889435375, Ndcg@5: 0.34843753708500663, Recall@10: 0.5844933479244541, Ndcg@10: 0.38773965919880893
2024-11-30 00:01:03,511 - root - INFO - Save model on epoch 0015!
2024-11-30 00:03:18,785 - root - INFO - Epoch: 16, Loss: 2.246725339824355, Loss_r: 0.23325207126846617, Loss_s: 2.0030023204438505
2024-11-30 00:05:33,254 - root - INFO - Epoch: 17, Loss: 2.246147242656873, Loss_r: 0.23276489633634043, Loss_s: 2.0028888932121642
2024-11-30 00:07:47,770 - root - INFO - Epoch: 18, Loss: 2.2453425451943434, Loss_r: 0.23202006417010532, Loss_s: 2.0028079131741188
2024-11-30 00:10:02,279 - root - INFO - Epoch: 19, Loss: 2.2447139722611205, Loss_r: 0.23150919608619056, Loss_s: 2.0026718492116906
2024-11-30 00:12:16,467 - root - INFO - Epoch: 20, Loss: 2.2443402736768094, Loss_r: 0.2311202253051662, Loss_s: 2.0026716569561622
2024-11-30 00:13:47,244 - root - INFO - Test of epoch 20: Recall@1: 0.22208510599055675, Recall@5: 0.46257561971276806, Ndcg@5: 0.3485496376181937, Recall@10: 0.5863409588333661, Ndcg@10: 0.38846812208430426
2024-11-30 00:13:47,307 - root - INFO - Save model on epoch 0020!
2024-11-30 00:16:02,264 - root - INFO - Epoch: 21, Loss: 2.2436432545168796, Loss_r: 0.23065911956419977, Loss_s: 2.002420367303905
2024-11-30 00:18:17,007 - root - INFO - Epoch: 22, Loss: 2.243199138272053, Loss_r: 0.23025099763430332, Loss_s: 2.0023714103025294
2024-11-30 00:20:31,507 - root - INFO - Epoch: 23, Loss: 2.2428599919164913, Loss_r: 0.2300612678356757, Loss_s: 2.002211211482593
2024-11-30 00:22:46,421 - root - INFO - Epoch: 24, Loss: 2.24226944213033, Loss_r: 0.2296332915850272, Loss_s: 2.0020364924824046
2024-11-30 00:25:00,913 - root - INFO - Epoch: 25, Loss: 2.242128650256876, Loss_r: 0.22968213847394955, Loss_s: 2.001834602453714
2024-11-30 00:26:31,634 - root - INFO - Test of epoch 25: Recall@1: 0.2227835124434389, Recall@5: 0.4653526460751525, Ndcg@5: 0.3503441876655132, Recall@10: 0.5863318906157781, Ndcg@10: 0.38932310066596354
2024-11-30 00:28:46,679 - root - INFO - Epoch: 26, Loss: 2.2414620568920647, Loss_r: 0.2290843921397433, Loss_s: 2.001752977762244
2024-11-30 00:31:01,315 - root - INFO - Epoch: 27, Loss: 2.2410455684183943, Loss_r: 0.22889146548197317, Loss_s: 2.0015191160193337
2024-11-30 00:33:15,806 - root - INFO - Epoch: 28, Loss: 2.240706886951907, Loss_r: 0.22871998305472807, Loss_s: 2.0013415767282994
2024-11-30 00:35:30,189 - root - INFO - Epoch: 29, Loss: 2.240364854047945, Loss_r: 0.2286891090706975, Loss_s: 2.001018104629256
2024-11-30 00:37:44,509 - root - INFO - Epoch: 30, Loss: 2.2398112276420505, Loss_r: 0.22850447835438886, Loss_s: 2.000632119884795
2024-11-30 00:39:14,827 - root - INFO - Test of epoch 30: Recall@1: 0.2252117966751918, Recall@5: 0.46445412404092073, Ndcg@5: 0.35096079232888844, Recall@10: 0.5868804409305528, Ndcg@10: 0.3904197426911951
2024-11-30 00:39:14,884 - root - INFO - Save model on epoch 0030!
2024-11-30 00:41:29,582 - root - INFO - Epoch: 31, Loss: 2.2391031776854007, Loss_r: 0.22859668660408272, Loss_s: 1.9998167821106443
2024-11-30 00:43:44,161 - root - INFO - Epoch: 32, Loss: 2.2383609225375234, Loss_r: 0.22816228584846765, Loss_s: 1.9994928606007256
2024-11-30 00:45:58,755 - root - INFO - Epoch: 33, Loss: 2.2382182466685094, Loss_r: 0.2284472752404919, Loss_s: 1.9990460910666776
2024-11-30 00:48:13,356 - root - INFO - Epoch: 34, Loss: 2.237893825239907, Loss_r: 0.22847424301579763, Loss_s: 1.9986717510875103
2024-11-30 00:50:27,965 - root - INFO - Epoch: 35, Loss: 2.236985334774356, Loss_r: 0.22810195620619356, Loss_s: 1.99811427821331
2024-11-30 00:51:59,680 - root - INFO - Test of epoch 35: Recall@1: 0.22651116466653548, Recall@5: 0.4675708243163486, Ndcg@5: 0.3533711988445416, Recall@10: 0.5891600986130238, Ndcg@10: 0.3926060137954315
2024-11-30 00:51:59,737 - root - INFO - Save model on epoch 0035!
2024-11-30 00:54:14,736 - root - INFO - Epoch: 36, Loss: 2.2366789408316645, Loss_r: 0.22813076306991534, Loss_s: 1.997755896800743
2024-11-30 00:56:29,060 - root - INFO - Epoch: 37, Loss: 2.236285678889594, Loss_r: 0.22822826272534347, Loss_s: 1.997243393798081
2024-11-30 00:58:43,614 - root - INFO - Epoch: 38, Loss: 2.235851627819087, Loss_r: 0.2282903382813469, Loss_s: 1.9967288055832675
2024-11-30 01:00:58,205 - root - INFO - Epoch: 39, Loss: 2.2353036914165036, Loss_r: 0.22826231422076737, Loss_s: 1.9961870868005078
2024-11-30 01:03:12,980 - root - INFO - Epoch: 40, Loss: 2.234822681118524, Loss_r: 0.22812246906322878, Loss_s: 1.9958229431530337
2024-11-30 01:04:44,729 - root - INFO - Test of epoch 40: Recall@1: 0.22610094309462914, Recall@5: 0.46760048814676375, Ndcg@5: 0.3532716430758066, Recall@10: 0.5897882648042495, Ndcg@10: 0.39268684349660193
2024-11-30 01:04:44,784 - root - INFO - Save model on epoch 0040!
2024-11-30 01:06:59,964 - root - INFO - Epoch: 41, Loss: 2.2345145449279924, Loss_r: 0.2281518153897179, Loss_s: 1.9954671053245563
2024-11-30 01:09:14,865 - root - INFO - Epoch: 42, Loss: 2.234321386776101, Loss_r: 0.22825499965145268, Loss_s: 1.995154882617855
2024-11-30 01:11:29,401 - root - INFO - Epoch: 43, Loss: 2.233968427892698, Loss_r: 0.22818068823944734, Loss_s: 1.9948595572169658
2024-11-30 01:13:44,435 - root - INFO - Epoch: 44, Loss: 2.2335779362767596, Loss_r: 0.2280224344453399, Loss_s: 1.9946163387667888
2024-11-30 01:15:58,815 - root - INFO - Epoch: 45, Loss: 2.233297169887395, Loss_r: 0.22814189634181917, Loss_s: 1.9942021454113763
2024-11-30 01:17:29,165 - root - INFO - Test of epoch 45: Recall@1: 0.22836938077906746, Recall@5: 0.469567369171749, Ndcg@5: 0.35520997189735837, Recall@10: 0.591046441569939, Ndcg@10: 0.39433062178291434
2024-11-30 01:17:29,222 - root - INFO - Save model on epoch 0045!
2024-11-30 01:19:44,347 - root - INFO - Epoch: 46, Loss: 2.233148638914278, Loss_r: 0.2280751058411761, Loss_s: 1.994107931784454
2024-11-30 01:21:59,111 - root - INFO - Epoch: 47, Loss: 2.232677686730387, Loss_r: 0.2279235074691186, Loss_s: 1.9937787563762794
2024-11-30 01:24:13,822 - root - INFO - Epoch: 48, Loss: 2.2324738567673807, Loss_r: 0.22783595238704074, Loss_s: 1.993651428363861
2024-11-30 01:26:28,595 - root - INFO - Epoch: 49, Loss: 2.2324903483814422, Loss_r: 0.2280428041629748, Loss_s: 1.9934536215927714
2024-11-30 01:28:43,286 - root - INFO - Epoch: 50, Loss: 2.231957855963218, Loss_r: 0.2276506893387688, Loss_s: 1.9933055834781064
2024-11-30 01:30:13,877 - root - INFO - Test of epoch 50: Recall@1: 0.22965814356679126, Recall@5: 0.4703772071119418, Ndcg@5: 0.35635159071946165, Recall@10: 0.5919474227818218, Ndcg@10: 0.3955560187174292
2024-11-30 01:30:13,934 - root - INFO - Save model on epoch 0050!
2024-11-30 01:32:28,993 - root - INFO - Epoch: 51, Loss: 2.2320517771336377, Loss_r: 0.22780417795197566, Loss_s: 1.9932402404945913
2024-11-30 01:34:43,882 - root - INFO - Epoch: 52, Loss: 2.231847285138176, Loss_r: 0.22768421864862595, Loss_s: 1.9931516929748119
2024-11-30 01:36:58,009 - root - INFO - Epoch: 53, Loss: 2.23173192964871, Loss_r: 0.22774886823596607, Loss_s: 1.9929669552349012
2024-11-30 01:39:12,571 - root - INFO - Epoch: 54, Loss: 2.2313140698608884, Loss_r: 0.22744353393894665, Loss_s: 1.992847779074128
2024-11-30 01:41:27,368 - root - INFO - Epoch: 55, Loss: 2.2313007645835095, Loss_r: 0.22751016035709945, Loss_s: 1.9927638293941907
2024-11-30 01:42:56,486 - root - INFO - Test of epoch 55: Recall@1: 0.2287012160633484, Recall@5: 0.47083584374385207, Ndcg@5: 0.35616229680574574, Recall@10: 0.5931250614794413, Ndcg@10: 0.39552938483003885
2024-11-30 01:42:56,541 - root - INFO - Save model on epoch 0055!
2024-11-30 01:45:11,521 - root - INFO - Epoch: 56, Loss: 2.231346397030598, Loss_r: 0.22759248187303, Loss_s: 1.9927221669694557
2024-11-30 01:47:26,233 - root - INFO - Epoch: 57, Loss: 2.2311893220914523, Loss_r: 0.2276298030701748, Loss_s: 1.9925257934253144
2024-11-30 01:49:40,948 - root - INFO - Epoch: 58, Loss: 2.2311792753823525, Loss_r: 0.2275235160404566, Loss_s: 1.9926188738851178
2024-11-30 01:51:55,405 - root - INFO - Epoch: 59, Loss: 2.231034568882206, Loss_r: 0.22755389346620217, Loss_s: 1.992441344912883
2024-11-30 01:54:09,787 - root - INFO - Epoch: 60, Loss: 2.2308530329571767, Loss_r: 0.22728830304395636, Loss_s: 1.9925187481291473
2024-11-30 01:55:38,752 - root - INFO - Test of epoch 60: Recall@1: 0.22911989105843006, Recall@5: 0.4716641255164273, Ndcg@5: 0.3568194907436221, Recall@10: 0.5922661936848318, Ndcg@10: 0.3956955389034526
2024-11-30 01:57:53,444 - root - INFO - Epoch: 61, Loss: 2.2308686529042236, Loss_r: 0.22744649478949283, Loss_s: 1.9923758797330573
2024-11-30 02:00:08,288 - root - INFO - Epoch: 62, Loss: 2.23058678620497, Loss_r: 0.22730310695725311, Loss_s: 1.9922374150204496
2024-11-30 02:02:22,737 - root - INFO - Epoch: 63, Loss: 2.230319006296388, Loss_r: 0.2270638871776759, Loss_s: 1.992205018334617
2024-11-30 02:04:37,370 - root - INFO - Epoch: 64, Loss: 2.230620503154051, Loss_r: 0.22731184725202025, Loss_s: 1.9922550680425553
2024-11-30 02:06:52,066 - root - INFO - Epoch: 65, Loss: 2.2304987934564404, Loss_r: 0.22721340804273826, Loss_s: 1.9922324427168028
2024-11-30 02:08:21,834 - root - INFO - Test of epoch 65: Recall@1: 0.2292088825496754, Recall@5: 0.47287327242770016, Ndcg@5: 0.3576243505162564, Recall@10: 0.5931943795494786, Ndcg@10: 0.3963915265869826
2024-11-30 02:08:21,888 - root - INFO - Save model on epoch 0065!
2024-11-30 02:10:36,978 - root - INFO - Epoch: 66, Loss: 2.2304913144991447, Loss_r: 0.22720921294156946, Loss_s: 1.9922287173586175
2024-11-30 02:12:51,542 - root - INFO - Epoch: 67, Loss: 2.2300928611147106, Loss_r: 0.22686645052563356, Loss_s: 1.992169139325483
2024-11-30 02:15:06,024 - root - INFO - Epoch: 68, Loss: 2.2303600865235906, Loss_r: 0.22718684103738745, Loss_s: 1.9921156768103667
2024-11-30 02:17:20,653 - root - INFO - Epoch: 69, Loss: 2.2300991181089014, Loss_r: 0.2270817494609633, Loss_s: 1.9919587661573719
2024-11-30 02:19:35,314 - root - INFO - Epoch: 70, Loss: 2.2298201216652074, Loss_r: 0.22681029779085538, Loss_s: 1.9919479922444512
2024-11-30 02:21:05,506 - root - INFO - Test of epoch 70: Recall@1: 0.23094567676568956, Recall@5: 0.47277490532166044, Ndcg@5: 0.35833565654657834, Recall@10: 0.5925553007574267, Ndcg@10: 0.3969255723395845
2024-11-30 02:23:20,234 - root - INFO - Epoch: 71, Loss: 2.2298803872562485, Loss_r: 0.22679041767310446, Loss_s: 1.9920275618655263
2024-11-30 02:25:35,106 - root - INFO - Epoch: 72, Loss: 2.229827979159518, Loss_r: 0.2267580708840985, Loss_s: 1.992006327133787
2024-11-30 02:27:49,527 - root - INFO - Epoch: 73, Loss: 2.229893512769278, Loss_r: 0.22672450203015757, Loss_s: 1.9921047690245992
2024-11-30 02:30:04,498 - root - INFO - Epoch: 74, Loss: 2.2299425379290394, Loss_r: 0.22703498554392665, Loss_s: 1.9918424105589916
2024-11-30 02:32:18,916 - root - INFO - Epoch: 75, Loss: 2.229655041509989, Loss_r: 0.22659482516704768, Loss_s: 1.9919947288030915
2024-11-30 02:33:48,301 - root - INFO - Test of epoch 75: Recall@1: 0.2315072914617352, Recall@5: 0.4724552122270313, Ndcg@5: 0.35811027562602576, Recall@10: 0.5935056192209325, Ndcg@10: 0.39709173895820327
2024-11-30 02:33:48,358 - root - INFO - Save model on epoch 0075!
2024-11-30 02:36:03,533 - root - INFO - Epoch: 76, Loss: 2.229646488854445, Loss_r: 0.22672411721360983, Loss_s: 1.9918578037639956
2024-11-30 02:38:18,032 - root - INFO - Epoch: 77, Loss: 2.2295358724094467, Loss_r: 0.2266784047958248, Loss_s: 1.9917905868321726
2024-11-30 02:40:32,642 - root - INFO - Epoch: 78, Loss: 2.2297034828429343, Loss_r: 0.22650925000463368, Loss_s: 1.9921260675699672
2024-11-30 02:42:47,526 - root - INFO - Epoch: 79, Loss: 2.2293787806343652, Loss_r: 0.22651607959036946, Loss_s: 1.9917957093015075
2024-11-30 02:45:02,309 - root - INFO - Epoch: 80, Loss: 2.229436600669913, Loss_r: 0.22646550922431816, Loss_s: 1.991903333294636
2024-11-30 02:46:34,056 - root - INFO - Test of epoch 80: Recall@1: 0.23074894255361006, Recall@5: 0.4726656256147944, Ndcg@5: 0.35827034667087077, Recall@10: 0.5920058282510329, Ndcg@10: 0.3967408307209952
2024-11-30 02:48:48,873 - root - INFO - Epoch: 81, Loss: 2.229736671360859, Loss_r: 0.2269240468401029, Loss_s: 1.9917443667566044
2024-11-30 02:51:03,865 - root - INFO - Epoch: 82, Loss: 2.2292984118494195, Loss_r: 0.22655522758841243, Loss_s: 1.991672528360319
2024-11-30 02:53:18,393 - root - INFO - Epoch: 83, Loss: 2.229726338440845, Loss_r: 0.22666885932920192, Loss_s: 1.9919866679198106
2024-11-30 02:55:33,279 - root - INFO - Epoch: 84, Loss: 2.2293717882899324, Loss_r: 0.22650146284108824, Loss_s: 1.9917991582244838
2024-11-30 02:57:47,627 - root - INFO - Epoch: 85, Loss: 2.229167341371332, Loss_r: 0.22646328474231625, Loss_s: 1.9916340536300035
2024-11-30 02:59:17,459 - root - INFO - Test of epoch 85: Recall@1: 0.23074832775919732, Recall@5: 0.4725451259098957, Ndcg@5: 0.35809632487483717, Recall@10: 0.5945543047904781, Ndcg@10: 0.3974639470935194
2024-11-30 02:59:17,515 - root - INFO - Save model on epoch 0085!
2024-11-30 03:01:32,660 - root - INFO - Epoch: 86, Loss: 2.2291658163613772, Loss_r: 0.22643756639034168, Loss_s: 1.9916578612729465
2024-11-30 03:03:47,515 - root - INFO - Epoch: 87, Loss: 2.229250423457465, Loss_r: 0.22649312379148392, Loss_s: 1.9916874224612815
2024-11-30 03:06:02,117 - root - INFO - Epoch: 88, Loss: 2.229225392222133, Loss_r: 0.2263979904676081, Loss_s: 1.9917551751560394
2024-11-30 03:08:16,836 - root - INFO - Epoch: 89, Loss: 2.229038447616855, Loss_r: 0.22617329894681726, Loss_s: 1.991793272163982
2024-11-30 03:10:31,256 - root - INFO - Epoch: 90, Loss: 2.2290380457267673, Loss_r: 0.22652088770969583, Loss_s: 1.9914450010025964
2024-11-30 03:12:02,577 - root - INFO - Test of epoch 90: Recall@1: 0.2303172031772575, Recall@5: 0.47183519206177454, Ndcg@5: 0.3576198924755223, Recall@10: 0.5930960124434389, Ndcg@10: 0.3966884974011954
2024-11-30 03:14:17,873 - root - INFO - Epoch: 91, Loss: 2.2291379175859594, Loss_r: 0.22637052657528184, Loss_s: 1.9916935735520034
2024-11-30 03:16:32,457 - root - INFO - Epoch: 92, Loss: 2.228888147784257, Loss_r: 0.22626346084957513, Loss_s: 1.9915492390717353
2024-11-30 03:18:46,963 - root - INFO - Epoch: 93, Loss: 2.2289440240838263, Loss_r: 0.22629401294815785, Loss_s: 1.991575592742694
2024-11-30 03:21:01,710 - root - INFO - Epoch: 94, Loss: 2.2287986751026336, Loss_r: 0.22604497893796152, Loss_s: 1.9916785018590697
2024-11-30 03:23:16,230 - root - INFO - Epoch: 95, Loss: 2.229223932383544, Loss_r: 0.2265094876085707, Loss_s: 1.9916384850113158
2024-11-30 03:24:46,895 - root - INFO - Test of epoch 95: Recall@1: 0.22970748081841433, Recall@5: 0.47317421429274054, Ndcg@5: 0.35791773151515865, Recall@10: 0.5933055036395829, Ndcg@10: 0.39666955126109815
2024-11-30 03:27:02,117 - root - INFO - Epoch: 96, Loss: 2.228761106525847, Loss_r: 0.22597605984547686, Loss_s: 1.991711023999781
2024-11-30 03:29:17,113 - root - INFO - Epoch: 97, Loss: 2.228616500498222, Loss_r: 0.22603623823587335, Loss_s: 1.9915059150487253
2024-11-30 03:31:31,744 - root - INFO - Epoch: 98, Loss: 2.228676200184572, Loss_r: 0.22590425590176247, Loss_s: 1.9916962347160982
2024-11-30 03:33:46,452 - root - INFO - Epoch: 99, Loss: 2.228782939476413, Loss_r: 0.22626313689357871, Loss_s: 1.991445537580173
2024-11-30 03:36:01,054 - root - INFO - Epoch: 100, Loss: 2.2286671935018485, Loss_r: 0.225988372413607, Loss_s: 1.991603605839549
2024-11-30 03:37:30,687 - root - INFO - Test of epoch 100: Recall@1: 0.23202710013771394, Recall@5: 0.4729638009049774, Ndcg@5: 0.35869829132801123, Recall@10: 0.5928253492032265, Ndcg@10: 0.3973129427935375
2024-11-30 03:39:45,633 - root - INFO - Epoch: 101, Loss: 2.2285923773172502, Loss_r: 0.2260036439993387, Loss_s: 1.9915130678776456
2024-11-30 03:42:00,587 - root - INFO - Epoch: 102, Loss: 2.228574990140007, Loss_r: 0.22605164912539896, Loss_s: 1.9914462612538784
2024-11-30 03:44:15,038 - root - INFO - Epoch: 103, Loss: 2.2286184860524934, Loss_r: 0.22592471668959208, Loss_s: 1.9916157812083772
2024-11-30 03:46:29,594 - root - INFO - Epoch: 104, Loss: 2.2287429448955423, Loss_r: 0.2261931022845531, Loss_s: 1.9914727403797159
2024-11-30 03:48:44,288 - root - INFO - Epoch: 105, Loss: 2.228560324953466, Loss_r: 0.22601107292403394, Loss_s: 1.9914719634827285
2024-11-30 03:50:14,247 - root - INFO - Test of epoch 105: Recall@1: 0.23073680036395827, Recall@5: 0.4737627262443439, Ndcg@5: 0.35873599014959423, Recall@10: 0.5931456570922683, Ndcg@10: 0.3971896577479111
2024-11-30 03:52:29,163 - root - INFO - Epoch: 106, Loss: 2.228309391842888, Loss_r: 0.22575689529775214, Loss_s: 1.9914762066817229
2024-11-30 03:54:43,990 - root - INFO - Epoch: 107, Loss: 2.2285815485517637, Loss_r: 0.22585477345625196, Loss_s: 1.991650659565502
2024-11-30 03:56:58,652 - root - INFO - Epoch: 108, Loss: 2.2286037779614705, Loss_r: 0.2261276901582922, Loss_s: 1.991401322610286
2024-11-30 03:59:13,205 - root - INFO - Epoch: 109, Loss: 2.228271144940804, Loss_r: 0.22568890605130337, Loss_s: 1.9915050928033293
2024-11-30 04:01:27,563 - root - INFO - Epoch: 110, Loss: 2.228283452553195, Loss_r: 0.22580503205639355, Loss_s: 1.9913986638901173
2024-11-30 04:02:57,240 - root - INFO - Test of epoch 110: Recall@1: 0.23065749188471377, Recall@5: 0.47366343694668506, Ndcg@5: 0.35865123226295004, Recall@10: 0.5940441791265001, Ndcg@10: 0.3974609194140285
2024-11-30 04:04:26,747 - root - INFO - Final test: Recall@1: 0.18952067553610072, Recall@5: 0.415504192897895, Ndcg@5: 0.3075404883353533, Recall@10: 0.5358249926224671, Ndcg@10: 0.34631119033320656
